<?xml version="1.0" encoding="UTF-8"?>
<!-- Generated by org.testng.reporters.JUnitReportReporter -->
<testsuite hostname="Mahima-Dell" failures="0" tests="3" name="testcases.SimplilearnLoginTest" time="24.255" errors="0" timestamp="18 Sep 2022 04:20:14 GMT" skipped="0">
  <testcase classname="testcases.SimplilearnLoginTest" name="Test1" time="10.179"/>
  <testcase classname="testcases.SimplilearnLoginTest" name="Test3" time="9.320"/>
  <testcase classname="testcases.SimplilearnLoginTest" name="Test2" time="4.756"/>
</testsuite> <!-- testcases.SimplilearnLoginTest -->
