<?xml version="1.0" encoding="UTF-8"?>
<!-- Generated by org.testng.reporters.JUnitReportReporter -->
<testsuite hostname="Mahima-Dell" failures="0" tests="1" name="testcases.HomeTest" time="3.188" errors="0" timestamp="17 Sep 2022 04:51:34 GMT" skipped="0">
  <testcase classname="testcases.HomeTest" name="Test1" time="3.188"/>
</testsuite> <!-- testcases.HomeTest -->
