<?xml version="1.0" encoding="UTF-8"?>
<!-- Generated by org.testng.reporters.JUnitReportReporter -->
<testsuite hostname="Mahima-Dell" failures="0" tests="3" name="testcases.SimplilearnLoginTest" time="23.097" errors="0" timestamp="18 Sep 2022 04:01:50 GMT" skipped="0">
  <testcase classname="testcases.SimplilearnLoginTest" name="Test2" time="7.283"/>
  <testcase classname="testcases.SimplilearnLoginTest" name="Test1" time="6.197"/>
  <testcase classname="testcases.SimplilearnLoginTest" name="Test3" time="9.617"/>
</testsuite> <!-- testcases.SimplilearnLoginTest -->
